<?xml version="1.0" encoding="UTF-8"?>
<!-- Generated by org.testng.reporters.JUnitReportReporter -->
<testsuite hostname="LAPTOP-F6T36JSE" failures="0" tests="1" name="SumValidation" time="0.981" errors="0" timestamp="2023-07-05T11:15:51 IST" skipped="0">
  <testcase classname="SumValidation" name="sumOfCourses" time="0.981"/>
  <system-out/>
</testsuite> <!-- SumValidation -->
