<?xml version="1.0" encoding="UTF-8"?>
<!-- Generated by org.testng.reporters.JUnitReportReporter -->
<testsuite hostname="LAPTOP-F6T36JSE" failures="0" tests="3" name="files.DynamicJson" time="2.289" errors="0" timestamp="2023-07-05T17:25:39 IST" skipped="0">
  <testcase classname="files.DynamicJson" name="addBook" time="0.159"/>
  <system-out/>
  <testcase classname="files.DynamicJson" name="addBook" time="1.966"/>
  <system-out/>
  <testcase classname="files.DynamicJson" name="addBook" time="0.164"/>
  <system-out/>
</testsuite> <!-- files.DynamicJson -->
